[  2698.620] (WW) Failed to open protocol names file lib/xorg/protocol.txt
[  2698.622] 
X.Org X Server 1.20.6
X Protocol Version 11, Revision 0
[  2698.628] Build Operating System: Linux Arch Linux
[  2698.629] Current Operating System: Linux multivac 5.4.6-arch1-1 #1 SMP PREEMPT Sat, 21 Dec 2019 16:34:41 +0000 x86_64
[  2698.629] Kernel command line: BOOT_IMAGE=/boot/vmlinuz-linux root=UUID=aeebe252-67d5-4a6b-b264-d9b969fe1dca rw loglevel=3 quiet
[  2698.633] Build Date: 19 December 2019  06:52:37PM
[  2698.635]  
[  2698.636] Current version of pixman: 0.38.4
[  2698.638] 	Before reporting problems, check http://wiki.x.org
	to make sure that you have the latest version.
[  2698.638] Markers: (--) probed, (**) from config file, (==) default setting,
	(++) from command line, (!!) notice, (II) informational,
	(WW) warning, (EE) error, (NI) not implemented, (??) unknown.
[  2698.644] (==) Log file: "/home/ajlow/.local/share/xorg/Xorg.0.log", Time: Tue Dec 24 16:01:43 2019
[  2698.645] (==) Using system config directory "/usr/share/X11/xorg.conf.d"
[  2698.645] (==) No Layout section.  Using the first Screen section.
[  2698.645] (==) No screen section available. Using defaults.
[  2698.645] (**) |-->Screen "Default Screen Section" (0)
[  2698.645] (**) |   |-->Monitor "<default monitor>"
[  2698.646] (==) No monitor specified for screen "Default Screen Section".
	Using a default monitor configuration.
[  2698.646] (==) Automatically adding devices
[  2698.646] (==) Automatically enabling devices
[  2698.646] (==) Automatically adding GPU devices
[  2698.646] (==) Automatically binding GPU devices
[  2698.646] (==) Max clients allowed: 256, resource mask: 0x1fffff
[  2698.646] (WW) `fonts.dir' not found (or not valid) in "/usr/share/fonts/misc".
[  2698.646] 	Entry deleted from font path.
[  2698.646] 	(Run 'mkfontdir' on "/usr/share/fonts/misc").
[  2698.646] (WW) The directory "/usr/share/fonts/OTF" does not exist.
[  2698.646] 	Entry deleted from font path.
[  2698.646] (WW) The directory "/usr/share/fonts/Type1" does not exist.
[  2698.646] 	Entry deleted from font path.
[  2698.646] (==) FontPath set to:
	/usr/share/fonts/TTF,
	/usr/share/fonts/100dpi,
	/usr/share/fonts/75dpi
[  2698.646] (==) ModulePath set to "/usr/lib/xorg/modules"
[  2698.646] (II) The server relies on udev to provide the list of input devices.
	If no devices become available, reconfigure udev or disable AutoAddDevices.
[  2698.646] (II) Module ABI versions:
[  2698.646] 	X.Org ANSI C Emulation: 0.4
[  2698.646] 	X.Org Video Driver: 24.0
[  2698.646] 	X.Org XInput driver : 24.1
[  2698.646] 	X.Org Server Extension : 10.0
[  2698.646] (++) using VT number 1

[  2698.648] (II) systemd-logind: took control of session /org/freedesktop/login1/session/_31
[  2698.648] (II) xfree86: Adding drm device (/dev/dri/card0)
[  2698.649] (II) systemd-logind: got fd for /dev/dri/card0 226:0 fd 10 paused 0
[  2698.650] (--) PCI:*(0@0:2:0) 8086:5917:17aa:225d rev 7, Mem @ 0xeb000000/16777216, 0xa0000000/268435456, I/O @ 0x0000e000/64, BIOS @ 0x????????/131072
[  2698.650] (WW) Open ACPI failed (/var/run/acpid.socket) (No such file or directory)
[  2698.650] (II) LoadModule: "glx"
[  2698.650] (II) Loading /usr/lib/xorg/modules/extensions/libglx.so
[  2698.651] (II) Module glx: vendor="X.Org Foundation"
[  2698.651] 	compiled for 1.20.6, module version = 1.0.0
[  2698.651] 	ABI class: X.Org Server Extension, version 10.0
[  2698.651] (==) Matched intel as autoconfigured driver 0
[  2698.651] (==) Matched modesetting as autoconfigured driver 1
[  2698.651] (==) Matched fbdev as autoconfigured driver 2
[  2698.651] (==) Matched vesa as autoconfigured driver 3
[  2698.651] (==) Assigned the driver to the xf86ConfigLayout
[  2698.651] (II) LoadModule: "intel"
[  2698.651] (WW) Warning, couldn't open module intel
[  2698.651] (EE) Failed to load module "intel" (module does not exist, 0)
[  2698.651] (II) LoadModule: "modesetting"
[  2698.651] (II) Loading /usr/lib/xorg/modules/drivers/modesetting_drv.so
[  2698.651] (II) Module modesetting: vendor="X.Org Foundation"
[  2698.651] 	compiled for 1.20.6, module version = 1.20.6
[  2698.651] 	Module class: X.Org Video Driver
[  2698.651] 	ABI class: X.Org Video Driver, version 24.0
[  2698.651] (II) LoadModule: "fbdev"
[  2698.651] (WW) Warning, couldn't open module fbdev
[  2698.651] (EE) Failed to load module "fbdev" (module does not exist, 0)
[  2698.651] (II) LoadModule: "vesa"
[  2698.651] (II) Loading /usr/lib/xorg/modules/drivers/vesa_drv.so
[  2698.652] (II) Module vesa: vendor="X.Org Foundation"
[  2698.652] 	compiled for 1.20.0, module version = 2.4.0
[  2698.652] 	Module class: X.Org Video Driver
[  2698.652] 	ABI class: X.Org Video Driver, version 24.0
[  2698.652] (II) modesetting: Driver for Modesetting Kernel Drivers: kms
[  2698.652] (II) VESA: driver for VESA chipsets: vesa
[  2698.652] xf86EnableIOPorts: failed to set IOPL for I/O (Operation not permitted)
[  2698.652] (II) modeset(0): using drv /dev/dri/card0
[  2698.652] (WW) VGA arbiter: cannot open kernel arbiter, no multi-card support
[  2698.652] (II) modeset(0): Creating default Display subsection in Screen section
	"Default Screen Section" for depth/fbbpp 24/32
[  2698.652] (==) modeset(0): Depth 24, (==) framebuffer bpp 32
[  2698.652] (==) modeset(0): RGB weight 888
[  2698.652] (==) modeset(0): Default visual is TrueColor
[  2698.652] (II) Loading sub module "glamoregl"
[  2698.652] (II) LoadModule: "glamoregl"
[  2698.652] (II) Loading /usr/lib/xorg/modules/libglamoregl.so
[  2698.654] (II) Module glamoregl: vendor="X.Org Foundation"
[  2698.654] 	compiled for 1.20.6, module version = 1.0.1
[  2698.654] 	ABI class: X.Org ANSI C Emulation, version 0.4
[  2698.664] (II) modeset(0): glamor X acceleration enabled on Mesa DRI Intel(R) UHD Graphics 620 (Kabylake GT2) 
[  2698.664] (II) modeset(0): glamor initialized
[  2698.664] (II) modeset(0): Output eDP-1 has no monitor section
[  2698.664] (II) modeset(0): Output DP-1 has no monitor section
[  2698.779] (II) modeset(0): Output HDMI-1 has no monitor section
[  2698.779] (II) modeset(0): Output DP-2 has no monitor section
[  2698.784] (II) modeset(0): Output HDMI-2 has no monitor section
[  2698.785] (II) modeset(0): EDID for output eDP-1
[  2698.785] (II) modeset(0): Manufacturer: BOE  Model: 791  Serial#: 0
[  2698.785] (II) modeset(0): Year: 2017  Week: 1
[  2698.785] (II) modeset(0): EDID Version: 1.4
[  2698.785] (II) modeset(0): Digital Display Input
[  2698.785] (II) modeset(0): 6 bits per channel
[  2698.785] (II) modeset(0): Digital interface is DisplayPort
[  2698.785] (II) modeset(0): Max Image Size [cm]: horiz.: 31  vert.: 17
[  2698.785] (II) modeset(0): Gamma: 2.20
[  2698.785] (II) modeset(0): No DPMS capabilities specified
[  2698.785] (II) modeset(0): Supported color encodings: RGB 4:4:4 
[  2698.785] (II) modeset(0): First detailed timing is preferred mode
[  2698.785] (II) modeset(0): Preferred mode is native pixel format and refresh rate
[  2698.785] (II) modeset(0): redX: 0.589 redY: 0.361   greenX: 0.355 greenY: 0.571
[  2698.785] (II) modeset(0): blueX: 0.164 blueY: 0.134   whiteX: 0.312 whiteY: 0.328
[  2698.785] (II) modeset(0): Manufacturer's mask: 0
[  2698.785] (II) modeset(0): Supported detailed timing:
[  2698.785] (II) modeset(0): clock: 141.4 MHz   Image Size:  309 x 173 mm
[  2698.785] (II) modeset(0): h_active: 1920  h_sync: 1980  h_sync_end 2012 h_blank_end 2142 h_border: 0
[  2698.785] (II) modeset(0): v_active: 1080  v_sync: 1083  v_sync_end 1089 v_blanking: 1100 v_border: 0
[  2698.785] (II) modeset(0): Supported detailed timing:
[  2698.785] (II) modeset(0): clock: 113.1 MHz   Image Size:  309 x 173 mm
[  2698.785] (II) modeset(0): h_active: 1920  h_sync: 1968  h_sync_end 2000 h_blank_end 2142 h_border: 0
[  2698.785] (II) modeset(0): v_active: 1080  v_sync: 1083  v_sync_end 1089 v_blanking: 1100 v_border: 0
[  2698.785] (II) modeset(0):  BOE CQ
[  2698.785] (II) modeset(0):  NV140FHM-N46
[  2698.785] (II) modeset(0): EDID (in hex):
[  2698.785] (II) modeset(0): 	00ffffffffffff0009e5910700000000
[  2698.785] (II) modeset(0): 	011b0104951f117802e110965c5b922a
[  2698.785] (II) modeset(0): 	22505400000001010101010101010101
[  2698.785] (II) modeset(0): 	0101010101013c3780de703814403c20
[  2698.785] (II) modeset(0): 	360035ad1000001a302c80de70381440
[  2698.785] (II) modeset(0): 	3020360035ad1000001a000000fe0042
[  2698.785] (II) modeset(0): 	4f452043510a202020202020000000fe
[  2698.786] (II) modeset(0): 	004e5631343046484d2d4e34360a004a
[  2698.786] (II) modeset(0): Printing probed modes for output eDP-1
[  2698.786] (II) modeset(0): Modeline "1920x1080"x60.0  141.40  1920 1980 2012 2142  1080 1083 1089 1100 +hsync -vsync (66.0 kHz eP)
[  2698.786] (II) modeset(0): Modeline "1920x1080"x120.0  356.38  1920 2080 2288 2656  1080 1081 1084 1118 doublescan -hsync +vsync (134.2 kHz d)
[  2698.786] (II) modeset(0): Modeline "1920x1080"x119.9  266.50  1920 1944 1960 2000  1080 1081 1084 1111 doublescan +hsync -vsync (133.2 kHz d)
[  2698.786] (II) modeset(0): Modeline "1920x1080"x60.0  173.00  1920 2048 2248 2576  1080 1083 1088 1120 -hsync +vsync (67.2 kHz d)
[  2698.786] (II) modeset(0): Modeline "1920x1080"x59.9  138.50  1920 1968 2000 2080  1080 1083 1088 1111 +hsync -vsync (66.6 kHz d)
[  2698.786] (II) modeset(0): Modeline "1920x1080"x48.0  113.12  1920 1968 2000 2142  1080 1083 1089 1100 +hsync -vsync (52.8 kHz e)
[  2698.786] (II) modeset(0): Modeline "1680x1050"x60.0  146.25  1680 1784 1960 2240  1050 1053 1059 1089 -hsync +vsync (65.3 kHz d)
[  2698.786] (II) modeset(0): Modeline "1680x1050"x59.9  119.00  1680 1728 1760 1840  1050 1053 1059 1080 +hsync -vsync (64.7 kHz d)
[  2698.786] (II) modeset(0): Modeline "1400x1050"x60.0  122.00  1400 1488 1640 1880  1050 1052 1064 1082 +hsync +vsync (64.9 kHz d)
[  2698.786] (II) modeset(0): Modeline "1600x900"x120.0  246.00  1600 1728 1900 2200  900 901 904 932 doublescan -hsync +vsync (111.8 kHz d)
[  2698.786] (II) modeset(0): Modeline "1600x900"x119.9  186.50  1600 1624 1640 1680  900 901 904 926 doublescan +hsync -vsync (111.0 kHz d)
[  2698.786] (II) modeset(0): Modeline "1600x900"x59.9  118.25  1600 1696 1856 2112  900 903 908 934 -hsync +vsync (56.0 kHz d)
[  2698.786] (II) modeset(0): Modeline "1600x900"x59.8   97.50  1600 1648 1680 1760  900 903 908 926 +hsync -vsync (55.4 kHz d)
[  2698.786] (II) modeset(0): Modeline "1280x1024"x60.0  108.00  1280 1328 1440 1688  1024 1025 1028 1066 +hsync +vsync (64.0 kHz d)
[  2698.786] (II) modeset(0): Modeline "1400x900"x60.0  103.50  1400 1480 1624 1848  900 903 913 934 -hsync +vsync (56.0 kHz d)
[  2698.786] (II) modeset(0): Modeline "1400x900"x59.9   86.50  1400 1448 1480 1560  900 903 913 926 +hsync -vsync (55.4 kHz d)
[  2698.786] (II) modeset(0): Modeline "1280x960"x60.0  108.00  1280 1376 1488 1800  960 961 964 1000 +hsync +vsync (60.0 kHz d)
[  2698.786] (II) modeset(0): Modeline "1440x810"x120.0  198.12  1440 1548 1704 1968  810 811 814 839 doublescan -hsync +vsync (100.7 kHz d)
[  2698.786] (II) modeset(0): Modeline "1440x810"x119.9  151.88  1440 1464 1480 1520  810 811 814 833 doublescan +hsync -vsync (99.9 kHz d)
[  2698.786] (II) modeset(0): Modeline "1368x768"x59.9   85.25  1368 1440 1576 1784  768 771 781 798 -hsync +vsync (47.8 kHz d)
[  2698.786] (II) modeset(0): Modeline "1368x768"x59.9   72.25  1368 1416 1448 1528  768 771 781 790 +hsync -vsync (47.3 kHz d)
[  2698.786] (II) modeset(0): Modeline "1280x800"x120.0  174.25  1280 1380 1516 1752  800 801 804 829 doublescan -hsync +vsync (99.5 kHz d)
[  2698.786] (II) modeset(0): Modeline "1280x800"x119.9  134.25  1280 1304 1320 1360  800 801 804 823 doublescan +hsync -vsync (98.7 kHz d)
[  2698.786] (II) modeset(0): Modeline "1280x800"x59.8   83.50  1280 1352 1480 1680  800 803 809 831 -hsync +vsync (49.7 kHz d)
[  2698.786] (II) modeset(0): Modeline "1280x800"x59.9   71.00  1280 1328 1360 1440  800 803 809 823 +hsync -vsync (49.3 kHz d)
[  2698.786] (II) modeset(0): Modeline "1280x720"x120.0  156.12  1280 1376 1512 1744  720 721 724 746 doublescan -hsync +vsync (89.5 kHz d)
[  2698.786] (II) modeset(0): Modeline "1280x720"x120.0  120.75  1280 1304 1320 1360  720 721 724 740 doublescan +hsync -vsync (88.8 kHz d)
[  2698.787] (II) modeset(0): Modeline "1280x720"x59.9   74.50  1280 1344 1472 1664  720 723 728 748 -hsync +vsync (44.8 kHz d)
[  2698.787] (II) modeset(0): Modeline "1280x720"x59.7   63.75  1280 1328 1360 1440  720 723 728 741 +hsync -vsync (44.3 kHz d)
[  2698.787] (II) modeset(0): Modeline "1024x768"x120.1  133.47  1024 1100 1212 1400  768 768 770 794 doublescan -hsync +vsync (95.3 kHz d)
[  2698.787] (II) modeset(0): Modeline "1024x768"x60.0   65.00  1024 1048 1184 1344  768 771 777 806 -hsync -vsync (48.4 kHz d)
[  2698.787] (II) modeset(0): Modeline "960x720"x120.0  117.00  960 1024 1128 1300  720 720 722 750 doublescan -hsync +vsync (90.0 kHz d)
[  2698.787] (II) modeset(0): Modeline "928x696"x120.1  109.15  928 976 1088 1264  696 696 698 719 doublescan -hsync +vsync (86.4 kHz d)
[  2698.787] (II) modeset(0): Modeline "896x672"x120.0  102.40  896 960 1060 1224  672 672 674 697 doublescan -hsync +vsync (83.7 kHz d)
[  2698.787] (II) modeset(0): Modeline "1024x576"x119.9   98.50  1024 1092 1200 1376  576 577 580 597 doublescan -hsync +vsync (71.6 kHz d)
[  2698.787] (II) modeset(0): Modeline "1024x576"x119.9   78.38  1024 1048 1064 1104  576 577 580 592 doublescan +hsync -vsync (71.0 kHz d)
[  2698.787] (II) modeset(0): Modeline "1024x576"x59.9   46.50  1024 1064 1160 1296  576 579 584 599 -hsync +vsync (35.9 kHz d)
[  2698.787] (II) modeset(0): Modeline "1024x576"x59.8   42.00  1024 1072 1104 1184  576 579 584 593 +hsync -vsync (35.5 kHz d)
[  2698.787] (II) modeset(0): Modeline "960x600"x119.9   96.62  960 1028 1128 1296  600 601 604 622 doublescan -hsync +vsync (74.6 kHz d)
[  2698.787] (II) modeset(0): Modeline "960x600"x120.0   77.00  960 984 1000 1040  600 601 604 617 doublescan +hsync -vsync (74.0 kHz d)
[  2698.787] (II) modeset(0): Modeline "960x540"x119.9   86.50  960 1024 1124 1288  540 541 544 560 doublescan -hsync +vsync (67.2 kHz d)
[  2698.787] (II) modeset(0): Modeline "960x540"x120.0   69.25  960 984 1000 1040  540 541 544 555 doublescan +hsync -vsync (66.6 kHz d)
[  2698.787] (II) modeset(0): Modeline "960x540"x59.6   40.75  960 992 1088 1216  540 543 548 562 -hsync +vsync (33.5 kHz d)
[  2698.787] (II) modeset(0): Modeline "960x540"x59.8   37.25  960 1008 1040 1120  540 543 548 556 +hsync -vsync (33.3 kHz d)
[  2698.787] (II) modeset(0): Modeline "800x600"x120.0   81.00  800 832 928 1080  600 600 602 625 doublescan +hsync +vsync (75.0 kHz d)
[  2698.787] (II) modeset(0): Modeline "800x600"x60.3   40.00  800 840 968 1056  600 601 605 628 +hsync +vsync (37.9 kHz d)
[  2698.787] (II) modeset(0): Modeline "800x600"x56.2   36.00  800 824 896 1024  600 601 603 625 +hsync +vsync (35.2 kHz d)
[  2698.787] (II) modeset(0): Modeline "840x525"x120.0   73.12  840 892 980 1120  525 526 529 544 doublescan -hsync +vsync (65.3 kHz d)
[  2698.787] (II) modeset(0): Modeline "840x525"x119.8   59.50  840 864 880 920  525 526 529 540 doublescan +hsync -vsync (64.7 kHz d)
[  2698.787] (II) modeset(0): Modeline "864x486"x59.9   32.50  864 888 968 1072  486 489 494 506 -hsync +vsync (30.3 kHz d)
[  2698.787] (II) modeset(0): Modeline "864x486"x59.6   30.50  864 912 944 1024  486 489 494 500 +hsync -vsync (29.8 kHz d)
[  2698.787] (II) modeset(0): Modeline "700x525"x120.0   61.00  700 744 820 940  525 526 532 541 doublescan +hsync +vsync (64.9 kHz d)
[  2698.787] (II) modeset(0): Modeline "800x450"x119.9   59.12  800 848 928 1056  450 451 454 467 doublescan -hsync +vsync (56.0 kHz d)
[  2698.787] (II) modeset(0): Modeline "800x450"x119.6   48.75  800 824 840 880  450 451 454 463 doublescan +hsync -vsync (55.4 kHz d)
[  2698.787] (II) modeset(0): Modeline "640x512"x120.0   54.00  640 664 720 844  512 512 514 533 doublescan +hsync +vsync (64.0 kHz d)
[  2698.787] (II) modeset(0): Modeline "700x450"x119.9   51.75  700 740 812 924  450 451 456 467 doublescan -hsync +vsync (56.0 kHz d)
[  2698.787] (II) modeset(0): Modeline "700x450"x119.8   43.25  700 724 740 780  450 451 456 463 doublescan +hsync -vsync (55.4 kHz d)
[  2698.787] (II) modeset(0): Modeline "640x480"x120.0   54.00  640 688 744 900  480 480 482 500 doublescan +hsync +vsync (60.0 kHz d)
[  2698.787] (II) modeset(0): Modeline "640x480"x59.9   25.18  640 656 752 800  480 490 492 525 -hsync -vsync (31.5 kHz d)
[  2698.787] (II) modeset(0): Modeline "720x405"x59.5   22.50  720 744 808 896  405 408 413 422 -hsync +vsync (25.1 kHz d)
[  2698.787] (II) modeset(0): Modeline "720x405"x59.0   21.75  720 768 800 880  405 408 413 419 +hsync -vsync (24.7 kHz d)
[  2698.787] (II) modeset(0): Modeline "684x384"x119.8   42.62  684 720 788 892  384 385 390 399 doublescan -hsync +vsync (47.8 kHz d)
[  2698.787] (II) modeset(0): Modeline "684x384"x119.7   36.12  684 708 724 764  384 385 390 395 doublescan +hsync -vsync (47.3 kHz d)
[  2698.787] (II) modeset(0): Modeline "640x400"x119.8   41.75  640 676 740 840  400 401 404 415 doublescan -hsync +vsync (49.7 kHz d)
[  2698.787] (II) modeset(0): Modeline "640x400"x120.0   35.50  640 664 680 720  400 401 404 411 doublescan +hsync -vsync (49.3 kHz d)
[  2698.787] (II) modeset(0): Modeline "640x360"x119.7   37.25  640 672 736 832  360 361 364 374 doublescan -hsync +vsync (44.8 kHz d)
[  2698.787] (II) modeset(0): Modeline "640x360"x119.7   31.88  640 664 680 720  360 361 364 370 doublescan +hsync -vsync (44.3 kHz d)
[  2698.787] (II) modeset(0): Modeline "640x360"x59.8   18.00  640 664 720 800  360 363 368 376 -hsync +vsync (22.5 kHz d)
[  2698.787] (II) modeset(0): Modeline "640x360"x59.3   17.75  640 688 720 800  360 363 368 374 +hsync -vsync (22.2 kHz d)
[  2698.787] (II) modeset(0): Modeline "512x384"x120.0   32.50  512 524 592 672  384 385 388 403 doublescan -hsync -vsync (48.4 kHz d)
[  2698.787] (II) modeset(0): Modeline "512x288"x120.0   23.25  512 532 580 648  288 289 292 299 doublescan -hsync +vsync (35.9 kHz d)
[  2698.787] (II) modeset(0): Modeline "512x288"x119.8   21.00  512 536 552 592  288 289 292 296 doublescan +hsync -vsync (35.5 kHz d)
[  2698.787] (II) modeset(0): Modeline "480x270"x119.3   20.38  480 496 544 608  270 271 274 281 doublescan -hsync +vsync (33.5 kHz d)
[  2698.787] (II) modeset(0): Modeline "480x270"x119.6   18.62  480 504 520 560  270 271 274 278 doublescan +hsync -vsync (33.3 kHz d)
[  2698.787] (II) modeset(0): Modeline "400x300"x120.6   20.00  400 420 484 528  300 300 302 314 doublescan +hsync +vsync (37.9 kHz d)
[  2698.787] (II) modeset(0): Modeline "400x300"x112.7   18.00  400 412 448 512  300 300 301 312 doublescan +hsync +vsync (35.2 kHz d)
[  2698.788] (II) modeset(0): Modeline "432x243"x119.8   16.25  432 444 484 536  243 244 247 253 doublescan -hsync +vsync (30.3 kHz d)
[  2698.788] (II) modeset(0): Modeline "432x243"x119.1   15.25  432 456 472 512  243 244 247 250 doublescan +hsync -vsync (29.8 kHz d)
[  2698.788] (II) modeset(0): Modeline "320x240"x120.1   12.59  320 328 376 400  240 245 246 262 doublescan -hsync -vsync (31.5 kHz d)
[  2698.788] (II) modeset(0): Modeline "360x202"x119.0   11.25  360 372 404 448  202 204 206 211 doublescan -hsync +vsync (25.1 kHz d)
[  2698.788] (II) modeset(0): Modeline "360x202"x118.3   10.88  360 384 400 440  202 204 206 209 doublescan +hsync -vsync (24.7 kHz d)
[  2698.788] (II) modeset(0): Modeline "320x180"x119.7    9.00  320 332 360 400  180 181 184 188 doublescan -hsync +vsync (22.5 kHz d)
[  2698.788] (II) modeset(0): Modeline "320x180"x118.6    8.88  320 344 360 400  180 181 184 187 doublescan +hsync -vsync (22.2 kHz d)
[  2698.788] (II) modeset(0): EDID for output DP-1
[  2698.902] (II) modeset(0): EDID for output HDMI-1
[  2698.902] (II) modeset(0): EDID for output DP-2
[  2698.907] (II) modeset(0): EDID for output HDMI-2
[  2698.907] (II) modeset(0): Output eDP-1 connected
[  2698.907] (II) modeset(0): Output DP-1 disconnected
[  2698.907] (II) modeset(0): Output HDMI-1 disconnected
[  2698.907] (II) modeset(0): Output DP-2 disconnected
[  2698.907] (II) modeset(0): Output HDMI-2 disconnected
[  2698.907] (II) modeset(0): Using exact sizes for initial modes
[  2698.907] (II) modeset(0): Output eDP-1 using initial mode 1920x1080 +0+0
[  2698.907] (==) modeset(0): Using gamma correction (1.0, 1.0, 1.0)
[  2698.907] (==) modeset(0): DPI set to (96, 96)
[  2698.907] (II) Loading sub module "fb"
[  2698.907] (II) LoadModule: "fb"
[  2698.907] (II) Loading /usr/lib/xorg/modules/libfb.so
[  2698.908] (II) Module fb: vendor="X.Org Foundation"
[  2698.908] 	compiled for 1.20.6, module version = 1.0.0
[  2698.908] 	ABI class: X.Org ANSI C Emulation, version 0.4
[  2698.908] (II) UnloadModule: "vesa"
[  2698.908] (II) Unloading vesa
[  2698.926] (==) modeset(0): Backing store enabled
[  2698.926] (==) modeset(0): Silken mouse disabled
[  2698.985] (II) modeset(0): Initializing kms color map for depth 24, 8 bpc.
[  2698.985] (==) modeset(0): DPMS enabled
[  2698.986] (II) modeset(0): [DRI2] Setup complete
[  2698.986] (II) modeset(0): [DRI2]   DRI driver: i965
[  2698.986] (II) modeset(0): [DRI2]   VDPAU driver: i965
[  2698.986] (II) Initializing extension Generic Event Extension
[  2698.986] (II) Initializing extension SHAPE
[  2698.986] (II) Initializing extension MIT-SHM
[  2698.986] (II) Initializing extension XInputExtension
[  2698.986] (II) Initializing extension XTEST
[  2698.986] (II) Initializing extension BIG-REQUESTS
[  2698.986] (II) Initializing extension SYNC
[  2698.986] (II) Initializing extension XKEYBOARD
[  2698.986] (II) Initializing extension XC-MISC
[  2698.986] (II) Initializing extension SECURITY
[  2698.986] (II) Initializing extension XFIXES
[  2698.986] (II) Initializing extension RENDER
[  2698.986] (II) Initializing extension RANDR
[  2698.986] (II) Initializing extension COMPOSITE
[  2698.986] (II) Initializing extension DAMAGE
[  2698.986] (II) Initializing extension MIT-SCREEN-SAVER
[  2698.986] (II) Initializing extension DOUBLE-BUFFER
[  2698.986] (II) Initializing extension RECORD
[  2698.986] (II) Initializing extension DPMS
[  2698.986] (II) Initializing extension Present
[  2698.986] (II) Initializing extension DRI3
[  2698.986] (II) Initializing extension X-Resource
[  2698.986] (II) Initializing extension XVideo
[  2698.986] (II) Initializing extension XVideo-MotionCompensation
[  2698.986] (II) Initializing extension GLX
[  2699.000] (II) AIGLX: Loaded and initialized i965
[  2699.000] (II) GLX: Initialized DRI2 GL provider for screen 0
[  2699.000] (II) Initializing extension XFree86-VidModeExtension
[  2699.000] (II) Initializing extension XFree86-DGA
[  2699.000] (II) Initializing extension XFree86-DRI
[  2699.000] (II) Initializing extension DRI2
[  2699.006] (II) modeset(0): Damage tracking initialized
[  2699.006] (II) modeset(0): Setting screen physical size to 508 x 285
[  2699.068] (II) config/udev: Adding input device Power Button (/dev/input/event2)
[  2699.068] (**) Power Button: Applying InputClass "libinput keyboard catchall"
[  2699.068] (II) LoadModule: "libinput"
[  2699.068] (II) Loading /usr/lib/xorg/modules/input/libinput_drv.so
[  2699.069] (II) Module libinput: vendor="X.Org Foundation"
[  2699.069] 	compiled for 1.20.5, module version = 0.29.0
[  2699.069] 	Module class: X.Org XInput Driver
[  2699.069] 	ABI class: X.Org XInput driver, version 24.1
[  2699.069] (II) Using input driver 'libinput' for 'Power Button'
[  2699.070] (II) systemd-logind: got fd for /dev/input/event2 13:66 fd 14 paused 0
[  2699.070] (**) Power Button: always reports core events
[  2699.070] (**) Option "Device" "/dev/input/event2"
[  2699.070] (**) Option "_source" "server/udev"
[  2699.071] (II) event2  - Power Button: is tagged by udev as: Keyboard
[  2699.071] (II) event2  - Power Button: device is a keyboard
[  2699.071] (II) event2  - Power Button: device removed
[  2699.071] (**) Option "config_info" "udev:/sys/devices/LNXSYSTM:00/LNXPWRBN:00/input/input2/event2"
[  2699.071] (II) XINPUT: Adding extended input device "Power Button" (type: KEYBOARD, id 6)
[  2699.071] (II) event2  - Power Button: is tagged by udev as: Keyboard
[  2699.071] (II) event2  - Power Button: device is a keyboard
[  2699.072] (II) config/udev: Adding input device Video Bus (/dev/input/event7)
[  2699.072] (**) Video Bus: Applying InputClass "libinput keyboard catchall"
[  2699.072] (II) Using input driver 'libinput' for 'Video Bus'
[  2699.072] (II) systemd-logind: got fd for /dev/input/event7 13:71 fd 17 paused 0
[  2699.072] (**) Video Bus: always reports core events
[  2699.072] (**) Option "Device" "/dev/input/event7"
[  2699.072] (**) Option "_source" "server/udev"
[  2699.073] (II) event7  - Video Bus: is tagged by udev as: Keyboard
[  2699.073] (II) event7  - Video Bus: device is a keyboard
[  2699.073] (II) event7  - Video Bus: device removed
[  2699.073] (**) Option "config_info" "udev:/sys/devices/LNXSYSTM:00/LNXSYBUS:00/PNP0A08:00/LNXVIDEO:00/input/input9/event7"
[  2699.073] (II) XINPUT: Adding extended input device "Video Bus" (type: KEYBOARD, id 7)
[  2699.074] (II) event7  - Video Bus: is tagged by udev as: Keyboard
[  2699.074] (II) event7  - Video Bus: device is a keyboard
[  2699.074] (II) config/udev: Adding input device Lid Switch (/dev/input/event1)
[  2699.074] (II) No input driver specified, ignoring this device.
[  2699.074] (II) This device may have been added with another device file.
[  2699.074] (II) config/udev: Adding input device Sleep Button (/dev/input/event0)
[  2699.074] (**) Sleep Button: Applying InputClass "libinput keyboard catchall"
[  2699.074] (II) Using input driver 'libinput' for 'Sleep Button'
[  2699.075] (II) systemd-logind: got fd for /dev/input/event0 13:64 fd 18 paused 0
[  2699.075] (**) Sleep Button: always reports core events
[  2699.075] (**) Option "Device" "/dev/input/event0"
[  2699.075] (**) Option "_source" "server/udev"
[  2699.075] (II) event0  - Sleep Button: is tagged by udev as: Keyboard
[  2699.075] (II) event0  - Sleep Button: device is a keyboard
[  2699.076] (II) event0  - Sleep Button: device removed
[  2699.076] (**) Option "config_info" "udev:/sys/devices/LNXSYSTM:00/LNXSYBUS:00/PNP0C0E:00/input/input0/event0"
[  2699.076] (II) XINPUT: Adding extended input device "Sleep Button" (type: KEYBOARD, id 8)
[  2699.076] (II) event0  - Sleep Button: is tagged by udev as: Keyboard
[  2699.076] (II) event0  - Sleep Button: device is a keyboard
[  2699.077] (II) config/udev: Adding input device Integrated Camera: Integrated C (/dev/input/event4)
[  2699.077] (**) Integrated Camera: Integrated C: Applying InputClass "libinput keyboard catchall"
[  2699.077] (II) Using input driver 'libinput' for 'Integrated Camera: Integrated C'
[  2699.077] (II) systemd-logind: got fd for /dev/input/event4 13:68 fd 19 paused 0
[  2699.077] (**) Integrated Camera: Integrated C: always reports core events
[  2699.077] (**) Option "Device" "/dev/input/event4"
[  2699.077] (**) Option "_source" "server/udev"
[  2699.078] (II) event4  - Integrated Camera: Integrated C: is tagged by udev as: Keyboard
[  2699.078] (II) event4  - Integrated Camera: Integrated C: device is a keyboard
[  2699.078] (II) event4  - Integrated Camera: Integrated C: device removed
[  2699.078] (**) Option "config_info" "udev:/sys/devices/pci0000:00/0000:00:14.0/usb1/1-8/1-8:1.0/input/input5/event4"
[  2699.078] (II) XINPUT: Adding extended input device "Integrated Camera: Integrated C" (type: KEYBOARD, id 9)
[  2699.079] (II) event4  - Integrated Camera: Integrated C: is tagged by udev as: Keyboard
[  2699.079] (II) event4  - Integrated Camera: Integrated C: device is a keyboard
[  2699.080] (II) config/udev: Adding input device HDA Digital PCBeep (/dev/input/event10)
[  2699.080] (II) No input driver specified, ignoring this device.
[  2699.080] (II) This device may have been added with another device file.
[  2699.080] (II) config/udev: Adding input device HDA Intel PCH Mic (/dev/input/event11)
[  2699.080] (II) No input driver specified, ignoring this device.
[  2699.080] (II) This device may have been added with another device file.
[  2699.080] (II) config/udev: Adding input device HDA Intel PCH Headphone (/dev/input/event12)
[  2699.080] (II) No input driver specified, ignoring this device.
[  2699.080] (II) This device may have been added with another device file.
[  2699.080] (II) config/udev: Adding input device HDA Intel PCH HDMI/DP,pcm=3 (/dev/input/event13)
[  2699.080] (II) No input driver specified, ignoring this device.
[  2699.080] (II) This device may have been added with another device file.
[  2699.080] (II) config/udev: Adding input device HDA Intel PCH HDMI/DP,pcm=7 (/dev/input/event14)
[  2699.080] (II) No input driver specified, ignoring this device.
[  2699.080] (II) This device may have been added with another device file.
[  2699.081] (II) config/udev: Adding input device HDA Intel PCH HDMI/DP,pcm=8 (/dev/input/event15)
[  2699.081] (II) No input driver specified, ignoring this device.
[  2699.081] (II) This device may have been added with another device file.
[  2699.081] (II) config/udev: Adding input device HDA Intel PCH HDMI/DP,pcm=9 (/dev/input/event16)
[  2699.081] (II) No input driver specified, ignoring this device.
[  2699.081] (II) This device may have been added with another device file.
[  2699.081] (II) config/udev: Adding input device HDA Intel PCH HDMI/DP,pcm=10 (/dev/input/event17)
[  2699.081] (II) No input driver specified, ignoring this device.
[  2699.081] (II) This device may have been added with another device file.
[  2699.081] (II) config/udev: Adding input device AT Translated Set 2 keyboard (/dev/input/event3)
[  2699.081] (**) AT Translated Set 2 keyboard: Applying InputClass "libinput keyboard catchall"
[  2699.081] (II) Using input driver 'libinput' for 'AT Translated Set 2 keyboard'
[  2699.082] (II) systemd-logind: got fd for /dev/input/event3 13:67 fd 20 paused 0
[  2699.082] (**) AT Translated Set 2 keyboard: always reports core events
[  2699.082] (**) Option "Device" "/dev/input/event3"
[  2699.082] (**) Option "_source" "server/udev"
[  2699.083] (II) event3  - AT Translated Set 2 keyboard: is tagged by udev as: Keyboard
[  2699.083] (II) event3  - AT Translated Set 2 keyboard: device is a keyboard
[  2699.083] (II) event3  - AT Translated Set 2 keyboard: device removed
[  2699.083] (**) Option "config_info" "udev:/sys/devices/platform/i8042/serio0/input/input3/event3"
[  2699.083] (II) XINPUT: Adding extended input device "AT Translated Set 2 keyboard" (type: KEYBOARD, id 10)
[  2699.084] (II) event3  - AT Translated Set 2 keyboard: is tagged by udev as: Keyboard
[  2699.084] (II) event3  - AT Translated Set 2 keyboard: device is a keyboard
[  2699.084] (II) config/udev: Adding input device PC Speaker (/dev/input/event6)
[  2699.084] (II) No input driver specified, ignoring this device.
[  2699.084] (II) This device may have been added with another device file.
[  2699.085] (II) config/udev: Adding input device ThinkPad Extra Buttons (/dev/input/event5)
[  2699.085] (**) ThinkPad Extra Buttons: Applying InputClass "libinput keyboard catchall"
[  2699.085] (II) Using input driver 'libinput' for 'ThinkPad Extra Buttons'
[  2699.085] (II) systemd-logind: got fd for /dev/input/event5 13:69 fd 21 paused 0
[  2699.085] (**) ThinkPad Extra Buttons: always reports core events
[  2699.085] (**) Option "Device" "/dev/input/event5"
[  2699.085] (**) Option "_source" "server/udev"
[  2699.086] (II) event5  - ThinkPad Extra Buttons: is tagged by udev as: Keyboard Switch
[  2699.086] (II) event5  - ThinkPad Extra Buttons: device is a keyboard
[  2699.086] (II) event5  - ThinkPad Extra Buttons: device removed
[  2699.086] (**) Option "config_info" "udev:/sys/devices/platform/thinkpad_acpi/input/input6/event5"
[  2699.086] (II) XINPUT: Adding extended input device "ThinkPad Extra Buttons" (type: KEYBOARD, id 11)
[  2699.086] (II) event5  - ThinkPad Extra Buttons: is tagged by udev as: Keyboard Switch
[  2699.086] (II) event5  - ThinkPad Extra Buttons: device is a keyboard
[  2699.087] (II) config/udev: Adding input device Synaptics TM3276-022 (/dev/input/event8)
[  2699.087] (**) Synaptics TM3276-022: Applying InputClass "libinput touchpad catchall"
[  2699.087] (II) Using input driver 'libinput' for 'Synaptics TM3276-022'
[  2699.087] (II) systemd-logind: got fd for /dev/input/event8 13:72 fd 22 paused 0
[  2699.087] (**) Synaptics TM3276-022: always reports core events
[  2699.087] (**) Option "Device" "/dev/input/event8"
[  2699.087] (**) Option "_source" "server/udev"
[  2699.088] (II) event8  - Synaptics TM3276-022: is tagged by udev as: Touchpad
[  2699.088] (II) event8  - Synaptics TM3276-022: device is a touchpad
[  2699.088] (II) event8  - Synaptics TM3276-022: device removed
[  2699.088] (**) Option "config_info" "udev:/sys/devices/rmi4-00/input/input10/event8"
[  2699.088] (II) XINPUT: Adding extended input device "Synaptics TM3276-022" (type: TOUCHPAD, id 12)
[  2699.089] (**) Option "AccelerationScheme" "none"
[  2699.089] (**) Synaptics TM3276-022: (accel) selected scheme none/0
[  2699.089] (**) Synaptics TM3276-022: (accel) acceleration factor: 2.000
[  2699.089] (**) Synaptics TM3276-022: (accel) acceleration threshold: 4
[  2699.090] (II) event8  - Synaptics TM3276-022: is tagged by udev as: Touchpad
[  2699.090] (II) event8  - Synaptics TM3276-022: device is a touchpad
[  2699.091] (II) config/udev: Adding input device Synaptics TM3276-022 (/dev/input/mouse0)
[  2699.091] (II) No input driver specified, ignoring this device.
[  2699.091] (II) This device may have been added with another device file.
[  2699.091] (II) config/udev: Adding input device TPPS/2 IBM TrackPoint (/dev/input/event9)
[  2699.091] (**) TPPS/2 IBM TrackPoint: Applying InputClass "libinput pointer catchall"
[  2699.091] (II) Using input driver 'libinput' for 'TPPS/2 IBM TrackPoint'
[  2699.091] (II) systemd-logind: got fd for /dev/input/event9 13:73 fd 23 paused 0
[  2699.091] (**) TPPS/2 IBM TrackPoint: always reports core events
[  2699.091] (**) Option "Device" "/dev/input/event9"
[  2699.091] (**) Option "_source" "server/udev"
[  2699.092] (II) event9  - TPPS/2 IBM TrackPoint: is tagged by udev as: Mouse Pointingstick
[  2699.092] (II) event9  - TPPS/2 IBM TrackPoint: trackpoint multiplier is 0.40
[  2699.092] (II) event9  - TPPS/2 IBM TrackPoint: device is a pointer
[  2699.093] (II) event9  - TPPS/2 IBM TrackPoint: device removed
[  2699.093] (**) Option "config_info" "udev:/sys/devices/rmi4-00/rmi4-00.fn03/serio2/input/input11/event9"
[  2699.093] (II) XINPUT: Adding extended input device "TPPS/2 IBM TrackPoint" (type: MOUSE, id 13)
[  2699.093] (**) Option "AccelerationScheme" "none"
[  2699.093] (**) TPPS/2 IBM TrackPoint: (accel) selected scheme none/0
[  2699.093] (**) TPPS/2 IBM TrackPoint: (accel) acceleration factor: 2.000
[  2699.093] (**) TPPS/2 IBM TrackPoint: (accel) acceleration threshold: 4
[  2699.094] (II) event9  - TPPS/2 IBM TrackPoint: is tagged by udev as: Mouse Pointingstick
[  2699.094] (II) event9  - TPPS/2 IBM TrackPoint: trackpoint multiplier is 0.40
[  2699.094] (II) event9  - TPPS/2 IBM TrackPoint: device is a pointer
[  2699.095] (II) config/udev: Adding input device TPPS/2 IBM TrackPoint (/dev/input/mouse1)
[  2699.095] (II) No input driver specified, ignoring this device.
[  2699.095] (II) This device may have been added with another device file.
[  2699.165] (II) modeset(0): EDID vendor "BOE", prod id 1937
[  2699.165] (II) modeset(0): Printing DDC gathered Modelines:
[  2699.165] (II) modeset(0): Modeline "1920x1080"x0.0  141.40  1920 1980 2012 2142  1080 1083 1089 1100 +hsync -vsync (66.0 kHz eP)
[  2699.165] (II) modeset(0): Modeline "1920x1080"x0.0  113.12  1920 1968 2000 2142  1080 1083 1089 1100 +hsync -vsync (52.8 kHz e)
