[2019-08-18 11:30:59.088] [exthost] [info] extension host started
[2019-08-18 11:30:59.099] [exthost] [info] ExtensionService#_doActivateExtension vscode.debug-auto-launch {"startup":true,"activationEvent":"*"}
[2019-08-18 11:30:59.099] [exthost] [info] ExtensionService#loadCommonJSModule /usr/share/codium/resources/app/extensions/debug-auto-launch/dist/extension
[2019-08-18 11:30:59.103] [exthost] [info] ExtensionService#_doActivateExtension vscode.emmet {"startup":true,"activationEvent":"*"}
[2019-08-18 11:30:59.103] [exthost] [info] ExtensionService#loadCommonJSModule /usr/share/codium/resources/app/extensions/emmet/dist/extension
[2019-08-18 11:30:59.140] [exthost] [info] ExtensionService#_doActivateExtension vscode.git {"startup":true,"activationEvent":"*"}
[2019-08-18 11:30:59.140] [exthost] [info] ExtensionService#loadCommonJSModule /usr/share/codium/resources/app/extensions/git/dist/main
[2019-08-18 11:30:59.218] [exthost] [info] ExtensionService#_doActivateExtension vscode.merge-conflict {"startup":true,"activationEvent":"*"}
[2019-08-18 11:30:59.218] [exthost] [info] ExtensionService#loadCommonJSModule /usr/share/codium/resources/app/extensions/merge-conflict/dist/extension
[2019-08-18 11:30:59.224] [exthost] [info] ExtensionService#_doActivateExtension eamodio.gitlens {"startup":true,"activationEvent":"*"}
[2019-08-18 11:30:59.224] [exthost] [info] ExtensionService#loadCommonJSModule /home/ajlow/.vscode-oss/extensions/eamodio.gitlens-9.9.3/dist/extension
[2019-08-18 11:30:59.375] [exthost] [info] ExtensionService#_doActivateExtension Equinusocio.vsc-material-theme {"startup":true,"activationEvent":"*"}
[2019-08-18 11:30:59.375] [exthost] [info] ExtensionService#loadCommonJSModule /home/ajlow/.vscode-oss/extensions/equinusocio.vsc-material-theme-30.0.0/out/src/material.theme.config
[2019-08-18 11:30:59.386] [exthost] [info] ExtensionService#_doActivateExtension vscodevim.vim {"startup":true,"activationEvent":"*"}
[2019-08-18 11:30:59.386] [exthost] [info] ExtensionService#loadCommonJSModule /home/ajlow/.vscode-oss/extensions/vscodevim.vim-1.9.0/out/extension
[2019-08-18 11:30:59.818] [exthost] [info] eager extensions activated
[2019-08-18 11:30:59.819] [exthost] [info] ExtensionService#_doActivateExtension vscode.configuration-editing {"startup":false,"activationEvent":"onLanguage:json"}
[2019-08-18 11:30:59.819] [exthost] [info] ExtensionService#loadCommonJSModule /usr/share/codium/resources/app/extensions/configuration-editing/dist/extension
[2019-08-18 11:30:59.824] [exthost] [info] ExtensionService#_doActivateExtension vscode.extension-editing {"startup":false,"activationEvent":"onLanguage:json"}
[2019-08-18 11:30:59.824] [exthost] [info] ExtensionService#loadCommonJSModule /usr/share/codium/resources/app/extensions/extension-editing/dist/extension
[2019-08-18 11:30:59.856] [exthost] [info] ExtensionService#_doActivateExtension vscode.json-language-features {"startup":false,"activationEvent":"onLanguage:json"}
[2019-08-18 11:30:59.856] [exthost] [info] ExtensionService#loadCommonJSModule /usr/share/codium/resources/app/extensions/json-language-features/client/dist/jsonMain
[2019-08-18 11:30:59.915] [exthost] [info] ExtensionService#_doActivateExtension vscode.npm {"startup":false,"activationEvent":"onLanguage:json"}
[2019-08-18 11:30:59.915] [exthost] [info] ExtensionService#loadCommonJSModule /usr/share/codium/resources/app/extensions/npm/dist/main
[2019-08-18 11:30:59.930] [exthost] [info] ExtensionService#_doActivateExtension vscode.typescript-language-features {"startup":false,"activationEvent":"onLanguage:typescript"}
[2019-08-18 11:30:59.930] [exthost] [info] ExtensionService#loadCommonJSModule /usr/share/codium/resources/app/extensions/typescript-language-features/dist/extension
[2019-08-18 11:31:16.602] [exthost] [info] extension host started
[2019-08-18 11:31:16.620] [exthost] [info] ExtensionService#_doActivateExtension vscode.debug-auto-launch {"startup":true,"activationEvent":"*"}
[2019-08-18 11:31:16.620] [exthost] [info] ExtensionService#loadCommonJSModule /usr/share/codium/resources/app/extensions/debug-auto-launch/dist/extension
[2019-08-18 11:31:16.623] [exthost] [info] ExtensionService#_doActivateExtension vscode.emmet {"startup":true,"activationEvent":"*"}
[2019-08-18 11:31:16.623] [exthost] [info] ExtensionService#loadCommonJSModule /usr/share/codium/resources/app/extensions/emmet/dist/extension
[2019-08-18 11:31:16.662] [exthost] [info] ExtensionService#_doActivateExtension vscode.git {"startup":true,"activationEvent":"*"}
[2019-08-18 11:31:16.662] [exthost] [info] ExtensionService#loadCommonJSModule /usr/share/codium/resources/app/extensions/git/dist/main
[2019-08-18 11:31:16.744] [exthost] [info] ExtensionService#_doActivateExtension vscode.merge-conflict {"startup":true,"activationEvent":"*"}
[2019-08-18 11:31:16.744] [exthost] [info] ExtensionService#loadCommonJSModule /usr/share/codium/resources/app/extensions/merge-conflict/dist/extension
[2019-08-18 11:31:16.749] [exthost] [info] ExtensionService#_doActivateExtension eamodio.gitlens {"startup":true,"activationEvent":"*"}
[2019-08-18 11:31:16.749] [exthost] [info] ExtensionService#loadCommonJSModule /home/ajlow/.vscode-oss/extensions/eamodio.gitlens-9.9.3/dist/extension
[2019-08-18 11:31:16.884] [exthost] [info] ExtensionService#_doActivateExtension Equinusocio.vsc-material-theme {"startup":true,"activationEvent":"*"}
[2019-08-18 11:31:16.884] [exthost] [info] ExtensionService#loadCommonJSModule /home/ajlow/.vscode-oss/extensions/equinusocio.vsc-material-theme-30.0.0/out/src/material.theme.config
[2019-08-18 11:31:16.891] [exthost] [info] ExtensionService#_doActivateExtension vscodevim.vim {"startup":true,"activationEvent":"*"}
[2019-08-18 11:31:16.891] [exthost] [info] ExtensionService#loadCommonJSModule /home/ajlow/.vscode-oss/extensions/vscodevim.vim-1.9.0/out/extension
[2019-08-18 11:31:17.156] [exthost] [info] eager extensions activated
[2019-08-18 11:34:27.861] [exthost] [info] ExtensionService#_doActivateExtension vscode.python {"startup":false,"activationEvent":"onLanguage:python"}
[2019-08-18 11:34:27.861] [exthost] [info] ExtensionService#loadCommonJSModule /usr/share/codium/resources/app/extensions/python/dist/pythonMain
[2019-08-18 11:34:27.866] [exthost] [info] ExtensionService#_doActivateExtension ms-python.python {"startup":false,"activationEvent":"onLanguage:python"}
[2019-08-18 11:34:27.866] [exthost] [info] ExtensionService#loadCommonJSModule /home/ajlow/.vscode-oss/extensions/ms-python.python-2019.8.30787/out/client/extension
[2019-08-18 11:36:26.150] [exthost] [info] ExtensionService#_doActivateExtension vscode.configuration-editing {"startup":false,"activationEvent":"onLanguage:jsonc"}
[2019-08-18 11:36:26.150] [exthost] [info] ExtensionService#loadCommonJSModule /usr/share/codium/resources/app/extensions/configuration-editing/dist/extension
[2019-08-18 11:36:26.157] [exthost] [info] ExtensionService#_doActivateExtension vscode.json-language-features {"startup":false,"activationEvent":"onLanguage:jsonc"}
[2019-08-18 11:36:26.157] [exthost] [info] ExtensionService#loadCommonJSModule /usr/share/codium/resources/app/extensions/json-language-features/client/dist/jsonMain
[2019-08-18 11:36:26.219] [exthost] [info] ExtensionService#_doActivateExtension vscode.typescript-language-features {"startup":false,"activationEvent":"onLanguage:jsonc"}
[2019-08-18 11:36:26.219] [exthost] [info] ExtensionService#loadCommonJSModule /usr/share/codium/resources/app/extensions/typescript-language-features/dist/extension
[2019-08-18 11:55:37.586] [exthost] [info] ExtensionService#_doActivateExtension vscode.extension-editing {"startup":false,"activationEvent":"onLanguage:markdown"}
[2019-08-18 11:55:37.587] [exthost] [info] ExtensionService#loadCommonJSModule /usr/share/codium/resources/app/extensions/extension-editing/dist/extension
[2019-08-18 11:55:37.633] [exthost] [info] ExtensionService#_doActivateExtension vscode.markdown-language-features {"startup":false,"activationEvent":"onLanguage:markdown"}
[2019-08-18 11:55:37.633] [exthost] [info] ExtensionService#loadCommonJSModule /usr/share/codium/resources/app/extensions/markdown-language-features/dist/extension
[2019-08-18 11:55:37.735] [exthost] [info] ExtensionService#_doActivateExtension DavidAnson.vscode-markdownlint {"startup":false,"activationEvent":"onLanguage:markdown"}
[2019-08-18 11:55:37.735] [exthost] [info] ExtensionService#loadCommonJSModule /home/ajlow/.vscode-oss/extensions/davidanson.vscode-markdownlint-0.30.1/bundle
