[2019-08-18 13:06:20.380] [sharedprocess] [info] main {"machineId":"91fc89bbcbaaa59d289a175cff99eab4a57b61dbc53b608d59d254860bb4c4da"}
[2019-08-18 13:07:00.383] [sharedprocess] [info] Starting to clean up unused language packs.
[2019-08-18 16:09:58.443] [sharedprocess] [info] Installing extension: esbenp.prettier-vscode
[2019-08-18 16:10:13.678] [sharedprocess] [info] Installing extension: coenraads.bracket-pair-colorizer-2
[2019-08-18 16:10:15.064] [sharedprocess] [info] Downloaded extension: coenraads.bracket-pair-colorizer-2 /tmp/a40edb9d-5a11-4b1d-9dc8-42b4cd09196b
[2019-08-18 16:10:15.263] [sharedprocess] [info] Extracted extension to /home/ajlow/.vscode-oss/extensions/.coenraads.bracket-pair-colorizer-2-0.0.28: coenraads.bracket-pair-colorizer-2
[2019-08-18 16:10:15.263] [sharedprocess] [info] Renamed to /home/ajlow/.vscode-oss/extensions/coenraads.bracket-pair-colorizer-2-0.0.28
[2019-08-18 16:10:15.264] [sharedprocess] [info] Installation completed. coenraads.bracket-pair-colorizer-2
[2019-08-18 16:10:15.275] [sharedprocess] [info] Extensions installed successfully: coenraads.bracket-pair-colorizer-2
[2019-08-18 16:10:26.673] [sharedprocess] [info] Downloaded extension: esbenp.prettier-vscode /tmp/3f934cd3-0ea7-4b83-887b-8fab0274fe45
[2019-08-18 16:10:31.535] [sharedprocess] [info] Installing extension: aaron-bond.better-comments
[2019-08-18 16:10:31.761] [sharedprocess] [info] Downloaded extension: aaron-bond.better-comments /tmp/3ae864d1-a9aa-42d9-b7b4-ba0216e55065
[2019-08-18 16:10:31.772] [sharedprocess] [info] Extracted extension to /home/ajlow/.vscode-oss/extensions/.aaron-bond.better-comments-2.0.5: aaron-bond.better-comments
[2019-08-18 16:10:31.772] [sharedprocess] [info] Renamed to /home/ajlow/.vscode-oss/extensions/aaron-bond.better-comments-2.0.5
[2019-08-18 16:10:31.773] [sharedprocess] [info] Installation completed. aaron-bond.better-comments
[2019-08-18 16:10:31.776] [sharedprocess] [info] Extensions installed successfully: aaron-bond.better-comments
[2019-08-18 16:10:32.280] [sharedprocess] [info] Extracted extension to /home/ajlow/.vscode-oss/extensions/.esbenp.prettier-vscode-1.9.0: esbenp.prettier-vscode
[2019-08-18 16:10:32.280] [sharedprocess] [info] Renamed to /home/ajlow/.vscode-oss/extensions/esbenp.prettier-vscode-1.9.0
[2019-08-18 16:10:32.281] [sharedprocess] [info] Installation completed. esbenp.prettier-vscode
[2019-08-18 16:10:32.292] [sharedprocess] [info] Extensions installed successfully: esbenp.prettier-vscode
