[2019-08-14 17:36:47.728] [exthost] [info] extension host started
[2019-08-14 17:36:47.737] [exthost] [info] ExtensionService#_doActivateExtension vscode.debug-auto-launch {"startup":true,"activationEvent":"*"}
[2019-08-14 17:36:47.737] [exthost] [info] ExtensionService#loadCommonJSModule /usr/share/codium/resources/app/extensions/debug-auto-launch/dist/extension
[2019-08-14 17:36:47.740] [exthost] [info] ExtensionService#_doActivateExtension vscode.emmet {"startup":true,"activationEvent":"*"}
[2019-08-14 17:36:47.740] [exthost] [info] ExtensionService#loadCommonJSModule /usr/share/codium/resources/app/extensions/emmet/dist/extension
[2019-08-14 17:36:47.776] [exthost] [info] ExtensionService#_doActivateExtension vscode.git {"startup":true,"activationEvent":"*"}
[2019-08-14 17:36:47.776] [exthost] [info] ExtensionService#loadCommonJSModule /usr/share/codium/resources/app/extensions/git/dist/main
[2019-08-14 17:36:47.852] [exthost] [info] ExtensionService#_doActivateExtension vscode.merge-conflict {"startup":true,"activationEvent":"*"}
[2019-08-14 17:36:47.852] [exthost] [info] ExtensionService#loadCommonJSModule /usr/share/codium/resources/app/extensions/merge-conflict/dist/extension
[2019-08-14 17:36:47.856] [exthost] [info] eager extensions activated
[2019-08-14 17:37:02.830] [exthost] [info] ExtensionService#_doActivateExtension vscode.configuration-editing {"startup":false,"activationEvent":"onLanguage:jsonc"}
[2019-08-14 17:37:02.830] [exthost] [info] ExtensionService#loadCommonJSModule /usr/share/codium/resources/app/extensions/configuration-editing/dist/extension
[2019-08-14 17:37:02.836] [exthost] [info] ExtensionService#_doActivateExtension vscode.json-language-features {"startup":false,"activationEvent":"onLanguage:jsonc"}
[2019-08-14 17:37:02.836] [exthost] [info] ExtensionService#loadCommonJSModule /usr/share/codium/resources/app/extensions/json-language-features/client/dist/jsonMain
[2019-08-14 17:37:02.891] [exthost] [info] ExtensionService#_doActivateExtension vscode.typescript-language-features {"startup":false,"activationEvent":"onLanguage:jsonc"}
[2019-08-14 17:37:02.891] [exthost] [info] ExtensionService#loadCommonJSModule /usr/share/codium/resources/app/extensions/typescript-language-features/dist/extension
[2019-08-14 17:37:19.681] [exthost] [info] ExtensionService#_doActivateExtension eamodio.gitlens {"startup":false,"activationEvent":"*"}
[2019-08-14 17:37:19.681] [exthost] [info] ExtensionService#loadCommonJSModule /home/ajlow/.vscode-oss/extensions/eamodio.gitlens-9.9.3/dist/extension
[2019-08-14 17:37:19.946] [exthost] [info] ExtensionService#_doActivateExtension vscode.html-language-features {"startup":false,"activationEvent":"onLanguage:html"}
[2019-08-14 17:37:19.946] [exthost] [info] ExtensionService#loadCommonJSModule /usr/share/codium/resources/app/extensions/html-language-features/client/dist/htmlMain
[2019-08-14 17:37:50.715] [exthost] [info] ExtensionService#_doActivateExtension ms-vscode.cpptools {"startup":false,"activationEvent":"*"}
[2019-08-14 17:37:50.715] [exthost] [info] ExtensionService#loadCommonJSModule /home/ajlow/.vscode-oss/extensions/ms-vscode.cpptools-0.24.1/dist/main
[2019-08-14 17:38:42.053] [exthost] [info] ExtensionService#_doActivateExtension vscodevim.vim {"startup":false,"activationEvent":"*"}
[2019-08-14 17:38:42.053] [exthost] [info] ExtensionService#loadCommonJSModule /home/ajlow/.vscode-oss/extensions/vscodevim.vim-1.9.0/out/extension
[2019-08-14 17:39:14.025] [exthost] [info] ExtensionService#_doActivateExtension Equinusocio.vsc-material-theme {"startup":false,"activationEvent":"*"}
[2019-08-14 17:39:14.025] [exthost] [info] ExtensionService#loadCommonJSModule /home/ajlow/.vscode-oss/extensions/equinusocio.vsc-material-theme-30.0.0/out/src/material.theme.config
[2019-08-14 17:41:10.916] [exthost] [info] extension host started
[2019-08-14 17:41:10.922] [exthost] [info] ExtensionService#_doActivateExtension vscode.debug-auto-launch {"startup":true,"activationEvent":"*"}
[2019-08-14 17:41:10.922] [exthost] [info] ExtensionService#loadCommonJSModule /usr/share/codium/resources/app/extensions/debug-auto-launch/dist/extension
[2019-08-14 17:41:10.924] [exthost] [info] ExtensionService#_doActivateExtension vscode.emmet {"startup":true,"activationEvent":"*"}
[2019-08-14 17:41:10.925] [exthost] [info] ExtensionService#loadCommonJSModule /usr/share/codium/resources/app/extensions/emmet/dist/extension
[2019-08-14 17:41:10.961] [exthost] [info] ExtensionService#_doActivateExtension vscode.git {"startup":true,"activationEvent":"*"}
[2019-08-14 17:41:10.961] [exthost] [info] ExtensionService#loadCommonJSModule /usr/share/codium/resources/app/extensions/git/dist/main
[2019-08-14 17:41:11.043] [exthost] [info] ExtensionService#_doActivateExtension vscode.merge-conflict {"startup":true,"activationEvent":"*"}
[2019-08-14 17:41:11.043] [exthost] [info] ExtensionService#loadCommonJSModule /usr/share/codium/resources/app/extensions/merge-conflict/dist/extension
[2019-08-14 17:41:11.049] [exthost] [info] ExtensionService#_doActivateExtension eamodio.gitlens {"startup":true,"activationEvent":"*"}
[2019-08-14 17:41:11.049] [exthost] [info] ExtensionService#loadCommonJSModule /home/ajlow/.vscode-oss/extensions/eamodio.gitlens-9.9.3/dist/extension
[2019-08-14 17:41:11.187] [exthost] [info] ExtensionService#_doActivateExtension Equinusocio.vsc-material-theme {"startup":true,"activationEvent":"*"}
[2019-08-14 17:41:11.187] [exthost] [info] ExtensionService#loadCommonJSModule /home/ajlow/.vscode-oss/extensions/equinusocio.vsc-material-theme-30.0.0/out/src/material.theme.config
[2019-08-14 17:41:11.193] [exthost] [info] ExtensionService#_doActivateExtension vscodevim.vim {"startup":true,"activationEvent":"*"}
[2019-08-14 17:41:11.193] [exthost] [info] ExtensionService#loadCommonJSModule /home/ajlow/.vscode-oss/extensions/vscodevim.vim-1.9.0/out/extension
[2019-08-14 17:41:11.450] [exthost] [info] eager extensions activated
[2019-08-14 17:43:44.319] [exthost] [info] ExtensionService#_doActivateExtension vscode.configuration-editing {"startup":false,"activationEvent":"onLanguage:jsonc"}
[2019-08-14 17:43:44.319] [exthost] [info] ExtensionService#loadCommonJSModule /usr/share/codium/resources/app/extensions/configuration-editing/dist/extension
[2019-08-14 17:43:44.327] [exthost] [info] ExtensionService#_doActivateExtension vscode.json-language-features {"startup":false,"activationEvent":"onLanguage:jsonc"}
[2019-08-14 17:43:44.327] [exthost] [info] ExtensionService#loadCommonJSModule /usr/share/codium/resources/app/extensions/json-language-features/client/dist/jsonMain
[2019-08-14 17:43:44.392] [exthost] [info] ExtensionService#_doActivateExtension vscode.typescript-language-features {"startup":false,"activationEvent":"onLanguage:jsonc"}
[2019-08-14 17:43:44.392] [exthost] [info] ExtensionService#loadCommonJSModule /usr/share/codium/resources/app/extensions/typescript-language-features/dist/extension
