[2019-08-18 13:06:18.379] [exthost] [info] extension host started
[2019-08-18 13:06:18.391] [exthost] [info] ExtensionService#_doActivateExtension vscode.python {"startup":false,"activationEvent":"onLanguage:python"}
[2019-08-18 13:06:18.391] [exthost] [info] ExtensionService#loadCommonJSModule /usr/share/codium/resources/app/extensions/python/dist/pythonMain
[2019-08-18 13:06:18.392] [exthost] [info] ExtensionService#_doActivateExtension ms-python.python {"startup":false,"activationEvent":"onLanguage:python"}
[2019-08-18 13:06:18.392] [exthost] [info] ExtensionService#loadCommonJSModule /home/ajlow/.vscode-oss/extensions/ms-python.python-2019.8.30787/out/client/extension
[2019-08-18 13:06:18.837] [exthost] [info] ExtensionService#_doActivateExtension vscode.debug-auto-launch {"startup":true,"activationEvent":"*"}
[2019-08-18 13:06:18.837] [exthost] [info] ExtensionService#loadCommonJSModule /usr/share/codium/resources/app/extensions/debug-auto-launch/dist/extension
[2019-08-18 13:06:18.841] [exthost] [info] ExtensionService#_doActivateExtension vscode.emmet {"startup":true,"activationEvent":"*"}
[2019-08-18 13:06:18.841] [exthost] [info] ExtensionService#loadCommonJSModule /usr/share/codium/resources/app/extensions/emmet/dist/extension
[2019-08-18 13:06:18.883] [exthost] [info] ExtensionService#_doActivateExtension vscode.git {"startup":true,"activationEvent":"*"}
[2019-08-18 13:06:18.883] [exthost] [info] ExtensionService#loadCommonJSModule /usr/share/codium/resources/app/extensions/git/dist/main
[2019-08-18 13:06:18.965] [exthost] [info] ExtensionService#_doActivateExtension vscode.merge-conflict {"startup":true,"activationEvent":"*"}
[2019-08-18 13:06:18.965] [exthost] [info] ExtensionService#loadCommonJSModule /usr/share/codium/resources/app/extensions/merge-conflict/dist/extension
[2019-08-18 13:06:18.969] [exthost] [info] ExtensionService#_doActivateExtension eamodio.gitlens {"startup":true,"activationEvent":"*"}
[2019-08-18 13:06:18.969] [exthost] [info] ExtensionService#loadCommonJSModule /home/ajlow/.vscode-oss/extensions/eamodio.gitlens-9.9.3/dist/extension
[2019-08-18 13:06:19.108] [exthost] [info] ExtensionService#_doActivateExtension Equinusocio.vsc-material-theme {"startup":true,"activationEvent":"*"}
[2019-08-18 13:06:19.108] [exthost] [info] ExtensionService#loadCommonJSModule /home/ajlow/.vscode-oss/extensions/equinusocio.vsc-material-theme-30.0.0/out/src/material.theme.config
[2019-08-18 13:06:19.115] [exthost] [info] ExtensionService#_doActivateExtension vscodevim.vim {"startup":true,"activationEvent":"*"}
[2019-08-18 13:06:19.115] [exthost] [info] ExtensionService#loadCommonJSModule /home/ajlow/.vscode-oss/extensions/vscodevim.vim-1.9.0/out/extension
[2019-08-18 13:06:19.374] [exthost] [info] eager extensions activated
[2019-08-18 13:09:20.372] [exthost] [info] ExtensionService#_doActivateExtension vscode.extension-editing {"startup":false,"activationEvent":"onLanguage:markdown"}
[2019-08-18 13:09:20.373] [exthost] [info] ExtensionService#loadCommonJSModule /usr/share/codium/resources/app/extensions/extension-editing/dist/extension
[2019-08-18 13:09:20.419] [exthost] [info] ExtensionService#_doActivateExtension vscode.markdown-language-features {"startup":false,"activationEvent":"onLanguage:markdown"}
[2019-08-18 13:09:20.419] [exthost] [info] ExtensionService#loadCommonJSModule /usr/share/codium/resources/app/extensions/markdown-language-features/dist/extension
[2019-08-18 13:09:20.526] [exthost] [info] ExtensionService#_doActivateExtension DavidAnson.vscode-markdownlint {"startup":false,"activationEvent":"onLanguage:markdown"}
[2019-08-18 13:09:20.526] [exthost] [info] ExtensionService#loadCommonJSModule /home/ajlow/.vscode-oss/extensions/davidanson.vscode-markdownlint-0.30.1/bundle
[2019-08-18 13:27:26.232] [exthost] [info] ExtensionService#_doActivateExtension vscode.html-language-features {"startup":false,"activationEvent":"onLanguage:html"}
[2019-08-18 13:27:26.232] [exthost] [info] ExtensionService#loadCommonJSModule /usr/share/codium/resources/app/extensions/html-language-features/client/dist/htmlMain
[2019-08-18 16:10:15.362] [exthost] [info] ExtensionService#_doActivateExtension CoenraadS.bracket-pair-colorizer-2 {"startup":false,"activationEvent":"*"}
[2019-08-18 16:10:15.362] [exthost] [info] ExtensionService#loadCommonJSModule /home/ajlow/.vscode-oss/extensions/coenraads.bracket-pair-colorizer-2-0.0.28/out/src/extension
[2019-08-18 16:10:31.827] [exthost] [info] ExtensionService#_doActivateExtension aaron-bond.better-comments {"startup":false,"activationEvent":"onLanguage:html"}
[2019-08-18 16:10:31.827] [exthost] [info] ExtensionService#loadCommonJSModule /home/ajlow/.vscode-oss/extensions/aaron-bond.better-comments-2.0.5/out/extension
[2019-08-18 16:10:32.335] [exthost] [info] ExtensionService#_doActivateExtension esbenp.prettier-vscode {"startup":false,"activationEvent":"*"}
[2019-08-18 16:10:32.335] [exthost] [info] ExtensionService#loadCommonJSModule /home/ajlow/.vscode-oss/extensions/esbenp.prettier-vscode-1.9.0/out/src/extension
