[2019-08-14 17:36:49.518] [sharedprocess] [info] main {"machineId":"91fc89bbcbaaa59d289a175cff99eab4a57b61dbc53b608d59d254860bb4c4da"}
[2019-08-14 17:37:12.662] [sharedprocess] [info] Installing extension: eamodio.gitlens
[2019-08-14 17:37:16.644] [sharedprocess] [info] Installing extension: ms-python.python
[2019-08-14 17:37:19.074] [sharedprocess] [info] Downloaded extension: eamodio.gitlens /tmp/7c30108a-dda9-4e61-b488-076770d72852
[2019-08-14 17:37:19.470] [sharedprocess] [info] Extracted extension to /home/ajlow/.vscode-oss/extensions/.eamodio.gitlens-9.9.3: eamodio.gitlens
[2019-08-14 17:37:19.470] [sharedprocess] [info] Renamed to /home/ajlow/.vscode-oss/extensions/eamodio.gitlens-9.9.3
[2019-08-14 17:37:19.477] [sharedprocess] [info] Installation completed. eamodio.gitlens
[2019-08-14 17:37:19.494] [sharedprocess] [info] Extensions installed successfully: eamodio.gitlens
[2019-08-14 17:37:29.515] [sharedprocess] [info] Starting to clean up unused language packs.
[2019-08-14 17:37:44.146] [sharedprocess] [info] Downloaded extension: ms-python.python /tmp/46ec8401-bf28-44c6-846f-c32687a0965c
[2019-08-14 17:37:45.362] [sharedprocess] [info] Extracted extension to /home/ajlow/.vscode-oss/extensions/.ms-python.python-2019.8.30787: ms-python.python
[2019-08-14 17:37:45.362] [sharedprocess] [info] Renamed to /home/ajlow/.vscode-oss/extensions/ms-python.python-2019.8.30787
[2019-08-14 17:37:45.367] [sharedprocess] [info] Installation completed. ms-python.python
[2019-08-14 17:37:45.384] [sharedprocess] [info] Extensions installed successfully: ms-python.python
[2019-08-14 17:37:47.535] [sharedprocess] [info] Installing extension: ms-vscode.cpptools
[2019-08-14 17:37:50.054] [sharedprocess] [info] Downloaded extension: ms-vscode.cpptools /tmp/198169a6-ea1e-4833-9349-99506a1720c3
[2019-08-14 17:37:50.578] [sharedprocess] [info] Extracted extension to /home/ajlow/.vscode-oss/extensions/.ms-vscode.cpptools-0.24.1: ms-vscode.cpptools
[2019-08-14 17:37:50.578] [sharedprocess] [info] Renamed to /home/ajlow/.vscode-oss/extensions/ms-vscode.cpptools-0.24.1
[2019-08-14 17:37:50.582] [sharedprocess] [info] Installation completed. ms-vscode.cpptools
[2019-08-14 17:37:50.589] [sharedprocess] [info] Extensions installed successfully: ms-vscode.cpptools
[2019-08-14 17:38:31.064] [sharedprocess] [info] Installing extension: vscodevim.vim
[2019-08-14 17:38:39.282] [sharedprocess] [info] Downloaded extension: vscodevim.vim /tmp/66dc5f42-abbd-442a-84a8-22fade04275f
[2019-08-14 17:38:41.953] [sharedprocess] [info] Extracted extension to /home/ajlow/.vscode-oss/extensions/.vscodevim.vim-1.9.0: vscodevim.vim
[2019-08-14 17:38:41.953] [sharedprocess] [info] Renamed to /home/ajlow/.vscode-oss/extensions/vscodevim.vim-1.9.0
[2019-08-14 17:38:41.954] [sharedprocess] [info] Installation completed. vscodevim.vim
[2019-08-14 17:38:41.968] [sharedprocess] [info] Extensions installed successfully: vscodevim.vim
[2019-08-14 17:39:01.182] [sharedprocess] [info] Installing extension: davidanson.vscode-markdownlint
[2019-08-14 17:39:02.011] [sharedprocess] [info] Downloaded extension: davidanson.vscode-markdownlint /tmp/3ad9b04c-5aa8-4fd7-9d86-7d5c5db0661b
[2019-08-14 17:39:02.043] [sharedprocess] [info] Extracted extension to /home/ajlow/.vscode-oss/extensions/.davidanson.vscode-markdownlint-0.30.1: davidanson.vscode-markdownlint
[2019-08-14 17:39:02.043] [sharedprocess] [info] Renamed to /home/ajlow/.vscode-oss/extensions/davidanson.vscode-markdownlint-0.30.1
[2019-08-14 17:39:02.045] [sharedprocess] [info] Installation completed. davidanson.vscode-markdownlint
[2019-08-14 17:39:02.050] [sharedprocess] [info] Extensions installed successfully: davidanson.vscode-markdownlint
[2019-08-14 17:39:12.391] [sharedprocess] [info] Installing extension: equinusocio.vsc-material-theme
[2019-08-14 17:39:13.847] [sharedprocess] [info] Downloaded extension: equinusocio.vsc-material-theme /tmp/bd0211c2-7e58-40cc-a14e-cf9c7080eece
[2019-08-14 17:39:13.919] [sharedprocess] [info] Extracted extension to /home/ajlow/.vscode-oss/extensions/.equinusocio.vsc-material-theme-30.0.0: equinusocio.vsc-material-theme
[2019-08-14 17:39:13.919] [sharedprocess] [info] Renamed to /home/ajlow/.vscode-oss/extensions/equinusocio.vsc-material-theme-30.0.0
[2019-08-14 17:39:13.920] [sharedprocess] [info] Installation completed. equinusocio.vsc-material-theme
[2019-08-14 17:39:13.925] [sharedprocess] [info] Extensions installed successfully: equinusocio.vsc-material-theme
[2019-08-14 17:39:37.801] [sharedprocess] [info] Installing extension: raashida.fixthecode-vs
[2019-08-14 17:39:40.059] [sharedprocess] [info] Downloaded extension: raashida.fixthecode-vs /tmp/6c2289e9-8403-483d-beed-f4df2e0f7077
[2019-08-14 17:39:40.115] [sharedprocess] [info] Extracted extension to /home/ajlow/.vscode-oss/extensions/.raashida.fixthecode-vs-1.1.2: raashida.fixthecode-vs
[2019-08-14 17:39:40.115] [sharedprocess] [info] Renamed to /home/ajlow/.vscode-oss/extensions/raashida.fixthecode-vs-1.1.2
[2019-08-14 17:39:40.115] [sharedprocess] [info] Installation completed. raashida.fixthecode-vs
[2019-08-14 17:39:40.119] [sharedprocess] [info] Extensions installed successfully: raashida.fixthecode-vs
[2019-08-14 17:39:58.797] [sharedprocess] [info] Installing extension: dracula-theme.theme-dracula
[2019-08-14 17:39:59.649] [sharedprocess] [info] Downloaded extension: dracula-theme.theme-dracula /tmp/a5bd340c-2989-4558-894a-05e1b3a4df19
[2019-08-14 17:39:59.685] [sharedprocess] [info] Extracted extension to /home/ajlow/.vscode-oss/extensions/.dracula-theme.theme-dracula-2.18.0: dracula-theme.theme-dracula
[2019-08-14 17:39:59.685] [sharedprocess] [info] Renamed to /home/ajlow/.vscode-oss/extensions/dracula-theme.theme-dracula-2.18.0
[2019-08-14 17:39:59.685] [sharedprocess] [info] Installation completed. dracula-theme.theme-dracula
[2019-08-14 17:39:59.688] [sharedprocess] [info] Extensions installed successfully: dracula-theme.theme-dracula
